23-May-2024 06:10:58.947 INFO [main] org.apache.catalina.core.ApplicationContext.log ContextListener: contextInitialized()
23-May-2024 06:10:58.949 INFO [main] org.apache.catalina.core.ApplicationContext.log SessionListener: contextInitialized()
23-May-2024 06:10:58.951 INFO [main] org.apache.catalina.core.ApplicationContext.log ContextListener: attributeAdded('StockTicker', 'async.Stockticker@44c79f32')
23-May-2024 06:11:12.035 INFO [main] org.apache.catalina.core.ApplicationContext.log SessionListener: contextDestroyed()
23-May-2024 06:11:12.035 INFO [main] org.apache.catalina.core.ApplicationContext.log ContextListener: contextDestroyed()
23-May-2024 06:15:23.973 INFO [main] org.apache.catalina.core.ApplicationContext.log ContextListener: contextInitialized()
23-May-2024 06:15:23.973 INFO [main] org.apache.catalina.core.ApplicationContext.log SessionListener: contextInitialized()
23-May-2024 06:15:23.976 INFO [main] org.apache.catalina.core.ApplicationContext.log ContextListener: attributeAdded('StockTicker', 'async.Stockticker@649725e3')
23-May-2024 06:19:41.010 INFO [main] org.apache.catalina.core.ApplicationContext.log ContextListener: contextInitialized()
23-May-2024 06:19:41.011 INFO [main] org.apache.catalina.core.ApplicationContext.log SessionListener: contextInitialized()
23-May-2024 06:19:41.014 INFO [main] org.apache.catalina.core.ApplicationContext.log ContextListener: attributeAdded('StockTicker', 'async.Stockticker@c7a975a')
23-May-2024 06:19:41.138 INFO [main] org.apache.catalina.core.ApplicationContext.log SessionListener: contextDestroyed()
23-May-2024 06:19:41.139 INFO [main] org.apache.catalina.core.ApplicationContext.log ContextListener: contextDestroyed()
23-May-2024 06:20:19.998 INFO [main] org.apache.catalina.core.ApplicationContext.log SessionListener: contextDestroyed()
23-May-2024 06:20:19.998 INFO [main] org.apache.catalina.core.ApplicationContext.log ContextListener: contextDestroyed()
23-May-2024 06:20:22.284 INFO [main] org.apache.catalina.core.ApplicationContext.log ContextListener: contextInitialized()
23-May-2024 06:20:22.285 INFO [main] org.apache.catalina.core.ApplicationContext.log SessionListener: contextInitialized()
23-May-2024 06:20:22.288 INFO [main] org.apache.catalina.core.ApplicationContext.log ContextListener: attributeAdded('StockTicker', 'async.Stockticker@36b0fcd5')
23-May-2024 06:31:39.701 INFO [main] org.apache.catalina.core.ApplicationContext.log SessionListener: contextDestroyed()
23-May-2024 06:31:39.701 INFO [main] org.apache.catalina.core.ApplicationContext.log ContextListener: contextDestroyed()
23-May-2024 06:32:52.202 INFO [main] org.apache.catalina.core.ApplicationContext.log ContextListener: contextInitialized()
23-May-2024 06:32:52.202 INFO [main] org.apache.catalina.core.ApplicationContext.log SessionListener: contextInitialized()
23-May-2024 06:32:52.205 INFO [main] org.apache.catalina.core.ApplicationContext.log ContextListener: attributeAdded('StockTicker', 'async.Stockticker@184497d1')
23-May-2024 06:32:52.345 INFO [main] org.apache.catalina.core.ApplicationContext.log SessionListener: contextDestroyed()
23-May-2024 06:32:52.346 INFO [main] org.apache.catalina.core.ApplicationContext.log ContextListener: contextDestroyed()
23-May-2024 06:34:41.337 INFO [main] org.apache.catalina.core.ApplicationContext.log ContextListener: contextInitialized()
23-May-2024 06:34:41.338 INFO [main] org.apache.catalina.core.ApplicationContext.log SessionListener: contextInitialized()
23-May-2024 06:34:41.339 INFO [main] org.apache.catalina.core.ApplicationContext.log ContextListener: attributeAdded('StockTicker', 'async.Stockticker@4c168660')
23-May-2024 06:41:03.086 INFO [Thread-1] org.apache.catalina.core.ApplicationContext.log SessionListener: contextDestroyed()
23-May-2024 06:41:03.087 INFO [Thread-1] org.apache.catalina.core.ApplicationContext.log ContextListener: contextDestroyed()
23-May-2024 07:49:42.854 INFO [main] org.apache.catalina.core.ApplicationContext.log ContextListener: contextInitialized()
23-May-2024 07:49:42.855 INFO [main] org.apache.catalina.core.ApplicationContext.log SessionListener: contextInitialized()
23-May-2024 07:49:42.857 INFO [main] org.apache.catalina.core.ApplicationContext.log ContextListener: attributeAdded('StockTicker', 'async.Stockticker@18a3962d')
23-May-2024 09:09:45.068 INFO [Thread-1] org.apache.catalina.core.ApplicationContext.log SessionListener: contextDestroyed()
23-May-2024 09:09:45.068 INFO [Thread-1] org.apache.catalina.core.ApplicationContext.log ContextListener: contextDestroyed()
